<?xml version="1.0" encoding="UTF-8"?>
<testsuite name="StringCalculatorTest" tests="1" skipped="0" failures="0" errors="0" timestamp="2023-10-06T23:48:22" hostname="DESKTOP-K2H933U" time="0.092">
  <properties/>
  <testcase name="testAddEmptyString()" classname="StringCalculatorTest" time="0.092"/>
  <system-out><![CDATA[]]></system-out>
  <system-err><![CDATA[]]></system-err>
</testsuite>
